<?xml version="1.0" encoding="UTF-8"?>
<!-- Generated by org.testng.reporters.JUnitReportReporter -->
<testsuite hostname="DESKTOP-G0OK52U" failures="0" tests="1" name="amezoneclick" time="0.191" errors="0" timestamp="2022-04-23T19:53:15 IST" skipped="0">
  <testcase classname="amezoneclick" name="amezoneclick3" time="0.191"/>
  <system-out/>
</testsuite> <!-- amezoneclick -->
