<?xml version="1.0" encoding="UTF-8"?>
<!-- Generated by org.testng.reporters.JUnitReportReporter -->
<testsuite hostname="DESKTOP-G0OK52U" failures="0" tests="1" name="actionexample.DragDropExample" time="0.518" errors="0" timestamp="2022-04-26T10:19:56 IST" skipped="0">
  <testcase classname="actionexample.DragDropExample" name="dragDropTest2" time="0.518"/>
  <system-out/>
</testsuite> <!-- actionexample.DragDropExample -->
